<?xml version="1.0" encoding="UTF-8"?>
<testsuite name="com.shepherdmoney.interviewproject.InterviewProjectApplicationTests" tests="1" skipped="0" failures="0" errors="0" timestamp="2023-08-07T03:21:48" hostname="DESKTOP-8JBHPHR" time="0.125">
  <properties/>
  <testcase name="contextLoads()" classname="com.shepherdmoney.interviewproject.InterviewProjectApplicationTests" time="0.125"/>
  <system-out><![CDATA[23:21:45.019 [Test worker] DEBUG org.springframework.boot.test.context.SpringBootTestContextBootstrapper - Neither @ContextConfiguration nor @ContextHierarchy found for test class [InterviewProjectApplicationTests]: using SpringBootContextLoader
23:21:45.023 [Test worker] DEBUG org.springframework.test.context.support.AbstractContextLoader - Could not detect default resource locations for test class [com.shepherdmoney.interviewproject.InterviewProjectApplicationTests]: no resource found for suffixes {-context.xml, Context.groovy}.
23:21:45.024 [Test worker] INFO org.springframework.test.context.support.AnnotationConfigContextLoaderUtils - Could not detect default configuration classes for test class [com.shepherdmoney.interviewproject.InterviewProjectApplicationTests]: InterviewProjectApplicationTests does not declare any static, non-private, non-final, nested classes annotated with @Configuration.
23:21:45.041 [Test worker] DEBUG org.springframework.boot.test.context.SpringBootTestContextBootstrapper - Using ContextCustomizers for test class [InterviewProjectApplicationTests]: [DisableObservabilityContextCustomizer, PropertyMappingContextCustomizer, Customizer, ExcludeFilterContextCustomizer, DuplicateJsonObjectContextCustomizer, MockitoContextCustomizer, TestRestTemplateContextCustomizer]
23:21:45.092 [Test worker] DEBUG org.springframework.context.annotation.ClassPathScanningCandidateComponentProvider - Identified candidate component class: file [C:\Users\Rafi\Documents\GitHub\Interview-Project-Public\build\classes\java\main\com\shepherdmoney\interviewproject\InterviewProjectApplication.class]
23:21:45.093 [Test worker] INFO org.springframework.boot.test.context.SpringBootTestContextBootstrapper - Found @SpringBootConfiguration com.shepherdmoney.interviewproject.InterviewProjectApplication for test class com.shepherdmoney.interviewproject.InterviewProjectApplicationTests
23:21:45.181 [Test worker] DEBUG org.springframework.boot.test.context.SpringBootTestContextBootstrapper - Using TestExecutionListeners for test class [InterviewProjectApplicationTests]: [ServletTestExecutionListener, DirtiesContextBeforeModesTestExecutionListener, ApplicationEventsTestExecutionListener, MockitoTestExecutionListener, DependencyInjectionTestExecutionListener, DirtiesContextTestExecutionListener, TransactionalTestExecutionListener, SqlScriptsTestExecutionListener, EventPublishingTestExecutionListener, RestDocsTestExecutionListener, MockRestServiceServerResetTestExecutionListener, MockMvcPrintOnlyOnFailureTestExecutionListener, WebDriverTestExecutionListener, MockWebServiceServerTestExecutionListener, ResetMocksTestExecutionListener]
23:21:45.181 [Test worker] DEBUG org.springframework.test.context.support.AbstractDirtiesContextTestExecutionListener - Before test class: class [InterviewProjectApplicationTests], class annotated with @DirtiesContext [false] with mode [null]

  .   ____          _            __ _ _
 /\\ / ___'_ __ _ _(_)_ __  __ _ \ \ \ \
( ( )\___ | '_ | '_| | '_ \/ _` | \ \ \ \
 \\/  ___)| |_)| | | | | || (_| |  ) ) ) )
  '  |____| .__|_| |_|_| |_\__, | / / / /
 =========|_|==============|___/=/_/_/_/
 :: Spring Boot ::                (v3.0.2)

23:21:45.382 INFO  --- [    Test worker]   c.s.i.InterviewProjectApplicationTests:51  : Starting InterviewProjectApplicationTests using Java 17.0.8 with PID 9932 (started by Rafi in C:\Users\Rafi\Documents\GitHub\Interview-Project-Public)
23:21:45.383 INFO  --- [    Test worker]   c.s.i.InterviewProjectApplicationTests:630 : No active profile set, falling back to 1 default profile: "default"
23:21:45.715 INFO  --- [    Test worker] .s.d.r.c.RepositoryConfigurationDelegate:291 : Multiple Spring Data modules found, entering strict repository configuration mode
23:21:45.715 INFO  --- [    Test worker] .s.d.r.c.RepositoryConfigurationDelegate:138 : Bootstrapping Spring Data JPA repositories in DEFAULT mode.
23:21:45.753 INFO  --- [    Test worker] .s.d.r.c.RepositoryConfigurationDelegate:208 : Finished Spring Data repository scanning in 32 ms. Found 2 JPA repository interfaces.
23:21:45.869 INFO  --- [    Test worker] .s.d.r.c.RepositoryConfigurationDelegate:291 : Multiple Spring Data modules found, entering strict repository configuration mode
23:21:45.870 INFO  --- [    Test worker] .s.d.r.c.RepositoryConfigurationDelegate:138 : Bootstrapping Spring Data JDBC repositories in DEFAULT mode.
23:21:45.879 INFO  --- [    Test worker] .RepositoryConfigurationExtensionSupport:320 : Spring Data JDBC - Could not safely identify store assignment for repository candidate interface com.shepherdmoney.interviewproject.repository.CreditCardRepository; If you want this repository to be a JDBC repository, consider annotating your entities with one of these annotations: org.springframework.data.relational.core.mapping.Table.
23:21:45.880 INFO  --- [    Test worker] .RepositoryConfigurationExtensionSupport:320 : Spring Data JDBC - Could not safely identify store assignment for repository candidate interface com.shepherdmoney.interviewproject.repository.UserRepository; If you want this repository to be a JDBC repository, consider annotating your entities with one of these annotations: org.springframework.data.relational.core.mapping.Table.
23:21:45.880 INFO  --- [    Test worker] .s.d.r.c.RepositoryConfigurationDelegate:208 : Finished Spring Data repository scanning in 10 ms. Found 0 JDBC repository interfaces.
23:21:46.107 INFO  --- [    Test worker] trationDelegate$BeanPostProcessorChecker:409 : Bean 'org.springframework.ws.config.annotation.DelegatingWsConfiguration' of type [org.springframework.ws.config.annotation.DelegatingWsConfiguration$$SpringCGLIB$$0] is not eligible for getting processed by all BeanPostProcessors (for example: not eligible for auto-proxying)
23:21:46.132 INFO  --- [    Test worker] .w.s.a.s.AnnotationActionEndpointMapping:239 : Supporting [WS-Addressing August 2004, WS-Addressing 1.0]
23:21:46.251 INFO  --- [    Test worker]  o.hibernate.jpa.internal.util.LogHelper:31  : HHH000204: Processing PersistenceUnitInfo [name: default]
23:21:46.296 INFO  --- [    Test worker]                    org.hibernate.Version:44  : HHH000412: Hibernate ORM core version 6.1.6.Final
23:21:46.431 WARN  --- [    Test worker]            org.hibernate.orm.deprecation:626 : HHH90000021: Encountered deprecated setting [javax.persistence.sharedCache.mode], use [jakarta.persistence.sharedCache.mode] instead
23:21:46.537 INFO  --- [    Test worker]       com.zaxxer.hikari.HikariDataSource:110 : HikariPool-1 - Starting...
23:21:46.704 INFO  --- [    Test worker]        com.zaxxer.hikari.pool.HikariPool:565 : HikariPool-1 - Added connection conn0: url=jdbc:h2:file:~/database user=SA
23:21:46.706 INFO  --- [    Test worker]       com.zaxxer.hikari.HikariDataSource:123 : HikariPool-1 - Start completed.
23:21:46.723 INFO  --- [    Test worker]                              SQL dialect:66  : HHH000400: Using dialect: org.hibernate.dialect.H2Dialect
23:21:47.317 INFO  --- [    Test worker]       o.h.e.t.j.p.i.JtaPlatformInitiator:51  : HHH000490: Using JtaPlatform implementation: [org.hibernate.engine.transaction.jta.platform.internal.NoJtaPlatform]
23:21:47.325 INFO  --- [    Test worker] j.LocalContainerEntityManagerFactoryBean:437 : Initialized JPA EntityManagerFactory for persistence unit 'default'
23:21:47.676 WARN  --- [    Test worker] JpaBaseConfiguration$JpaWebConfiguration:227 : spring.jpa.open-in-view is enabled by default. Therefore, database queries may be performed during view rendering. Explicitly configure spring.jpa.open-in-view to disable this warning
23:21:48.113 INFO  --- [    Test worker]    o.s.b.a.h2.H2ConsoleAutoConfiguration:88  : H2 console available at '/h2-ui'. Database available at 'jdbc:h2:file:~/database'
23:21:48.154 INFO  --- [    Test worker]   c.s.i.InterviewProjectApplicationTests:57  : Started InterviewProjectApplicationTests in 2.936 seconds (process running for 3.764)
]]></system-out>
  <system-err><![CDATA[]]></system-err>
</testsuite>
